<?xml version="1.0" encoding="UTF-8"?>
<testng-results ignored="0" total="2" passed="2" failed="0" skipped="0">
  <reporter-output>
  </reporter-output>
  <suite started-at="2023-08-10T06:43:45 UTC" name="Surefire suite" finished-at="2023-08-10T06:44:03 UTC" duration-ms="17917">
    <groups>
    </groups>
    <test started-at="2023-08-10T06:43:45 UTC" name="Surefire test" finished-at="2023-08-10T06:44:03 UTC" duration-ms="17917">
      <class name="testcases.Testcase1">
        <test-method is-config="true" signature="beforeMethod()[pri:0, instance:testcases.Testcase1@173ed316]" started-at="2023-08-10T06:43:45 UTC" name="beforeMethod" finished-at="2023-08-10T06:43:50 UTC" duration-ms="5008" status="PASS">
          <reporter-output>
          </reporter-output>
        </test-method> <!-- beforeMethod -->
        <test-method signature="Register()[pri:1, instance:testcases.Testcase1@173ed316]" started-at="2023-08-10T06:43:50 UTC" name="Register" finished-at="2023-08-10T06:43:56 UTC" duration-ms="6089" status="PASS">
          <reporter-output>
          </reporter-output>
        </test-method> <!-- Register -->
        <test-method is-config="true" signature="afterMethod()[pri:0, instance:testcases.Testcase1@173ed316]" started-at="2023-08-10T06:43:56 UTC" name="afterMethod" finished-at="2023-08-10T06:43:56 UTC" duration-ms="518" status="PASS">
          <reporter-output>
          </reporter-output>
        </test-method> <!-- afterMethod -->
        <test-method is-config="true" signature="beforeMethod()[pri:0, instance:testcases.Testcase1@173ed316]" started-at="2023-08-10T06:43:57 UTC" name="beforeMethod" finished-at="2023-08-10T06:44:00 UTC" duration-ms="2898" status="PASS">
          <reporter-output>
          </reporter-output>
        </test-method> <!-- beforeMethod -->
        <test-method signature="Valid_Login_TC(java.lang.String,java.lang.String)[pri:2, instance:testcases.Testcase1@173ed316]" started-at="2023-08-10T06:44:00 UTC" name="Valid_Login_TC" data-provider="testData" finished-at="2023-08-10T06:44:02 UTC" duration-ms="2411" status="PASS">
          <params>
            <param index="0">
              <value>
                <![CDATA[test@demo.com]]>
              </value>
            </param>
            <param index="1">
              <value>
                <![CDATA[Test123$]]>
              </value>
            </param>
          </params>
          <reporter-output>
          </reporter-output>
        </test-method> <!-- Valid_Login_TC -->
        <test-method is-config="true" signature="afterMethod()[pri:0, instance:testcases.Testcase1@173ed316]" started-at="2023-08-10T06:44:02 UTC" name="afterMethod" finished-at="2023-08-10T06:44:03 UTC" duration-ms="131" status="PASS">
          <reporter-output>
          </reporter-output>
        </test-method> <!-- afterMethod -->
      </class> <!-- testcases.Testcase1 -->
    </test> <!-- Surefire test -->
  </suite> <!-- Surefire suite -->
</testng-results>
