<?xml version="1.0" encoding="UTF-8"?>
<testng-results ignored="0" total="2" passed="2" failed="0" skipped="0">
  <reporter-output>
  </reporter-output>
  <suite started-at="2023-08-09T13:19:32 UTC" name="Surefire suite" finished-at="2023-08-09T13:19:49 UTC" duration-ms="16394">
    <groups>
    </groups>
    <test started-at="2023-08-09T13:19:32 UTC" name="Surefire test" finished-at="2023-08-09T13:19:49 UTC" duration-ms="16394">
      <class name="testcases.Testcase1">
        <test-method is-config="true" signature="beforeMethod()[pri:0, instance:testcases.Testcase1@173ed316]" started-at="2023-08-09T13:19:32 UTC" name="beforeMethod" finished-at="2023-08-09T13:19:37 UTC" duration-ms="4564" status="PASS">
          <reporter-output>
          </reporter-output>
        </test-method> <!-- beforeMethod -->
        <test-method signature="Register()[pri:1, instance:testcases.Testcase1@173ed316]" started-at="2023-08-09T13:19:37 UTC" name="Register" finished-at="2023-08-09T13:19:42 UTC" duration-ms="5404" status="PASS">
          <reporter-output>
          </reporter-output>
        </test-method> <!-- Register -->
        <test-method is-config="true" signature="afterMethod()[pri:0, instance:testcases.Testcase1@173ed316]" started-at="2023-08-09T13:19:42 UTC" name="afterMethod" finished-at="2023-08-09T13:19:43 UTC" duration-ms="557" status="PASS">
          <reporter-output>
          </reporter-output>
        </test-method> <!-- afterMethod -->
        <test-method is-config="true" signature="beforeMethod()[pri:0, instance:testcases.Testcase1@173ed316]" started-at="2023-08-09T13:19:44 UTC" name="beforeMethod" finished-at="2023-08-09T13:19:46 UTC" duration-ms="2594" status="PASS">
          <reporter-output>
          </reporter-output>
        </test-method> <!-- beforeMethod -->
        <test-method signature="Valid_Login_TC(java.lang.String,java.lang.String)[pri:2, instance:testcases.Testcase1@173ed316]" started-at="2023-08-09T13:19:46 UTC" name="Valid_Login_TC" data-provider="testData" finished-at="2023-08-09T13:19:49 UTC" duration-ms="2264" status="PASS">
          <params>
            <param index="0">
              <value>
                <![CDATA[test@demo.com]]>
              </value>
            </param>
            <param index="1">
              <value>
                <![CDATA[Test123$]]>
              </value>
            </param>
          </params>
          <reporter-output>
          </reporter-output>
        </test-method> <!-- Valid_Login_TC -->
        <test-method is-config="true" signature="afterMethod()[pri:0, instance:testcases.Testcase1@173ed316]" started-at="2023-08-09T13:19:49 UTC" name="afterMethod" finished-at="2023-08-09T13:19:49 UTC" duration-ms="143" status="PASS">
          <reporter-output>
          </reporter-output>
        </test-method> <!-- afterMethod -->
      </class> <!-- testcases.Testcase1 -->
    </test> <!-- Surefire test -->
  </suite> <!-- Surefire suite -->
</testng-results>
